<?xml version="1.0" encoding="UTF-8"?>
<testsuites tests="5" failures="0" errors="0" skipped="0">
  <testsuite name="Mobile App Validation Tests" timestamp="2025-01-02T20:33:26" time="7.557" tests="5" failures="0" errors="0" skipped="0">
    <properties>
      <property name="specId" value="0"/>
      <property name="suiteName" value="Mobile App Validation Tests"/>
      <property name="capabilities" value="android.emulator-5554"/>
      <property name="file" value="file:///D:/xnity/WebdriverIO/test/specs/testcase.spec.js"/>
    </properties>
    <testcase classname="android.emulator-5554.Mobile_App_Validation_Tests" name="1 validate the initial value is 0" time="1.245">
      <system-out><![CDATA[
COMMAND: POST /session/f37904f3-af5a-43d3-96ab-e75c67b1c26f/element - {"using":"xpath","value":"//android.view.View[@content-desc=\"Current Value:\"]/following-sibling::*[1]"}
RESULT: {"using":"xpath","value":"//android.view.View[@content-desc=\"Current Value:\"]/following-sibling::*[1]"}
COMMAND: GET /session/f37904f3-af5a-43d3-96ab-e75c67b1c26f/element/00000000-0000-0037-0000-000500000003/attribute/content-desc - {}
RESULT: {}
]]></system-out>
    </testcase>
    <testcase classname="android.emulator-5554.Mobile_App_Validation_Tests" name="2 validate increment the value to 1 after clicking 1" time="0.812">
      <system-out><![CDATA[
COMMAND: POST /session/f37904f3-af5a-43d3-96ab-e75c67b1c26f/element - {"using":"xpath","value":"//android.view.View[@content-desc=\"Current Value:\"]/following-sibling::*[1]"}
RESULT: {"using":"xpath","value":"//android.view.View[@content-desc=\"Current Value:\"]/following-sibling::*[1]"}
COMMAND: POST /session/f37904f3-af5a-43d3-96ab-e75c67b1c26f/element - {"using":"xpath","value":"//android.widget.Button[@content-desc=\"+1\"]"}
RESULT: {"using":"xpath","value":"//android.widget.Button[@content-desc=\"+1\"]"}
COMMAND: POST /session/f37904f3-af5a-43d3-96ab-e75c67b1c26f/element/00000000-0000-0037-0000-000600000003/click - {}
RESULT: {}
COMMAND: GET /session/f37904f3-af5a-43d3-96ab-e75c67b1c26f/element/00000000-0000-0037-0000-000500000003/attribute/content-desc - {}
RESULT: {}
]]></system-out>
    </testcase>
    <testcase classname="android.emulator-5554.Mobile_App_Validation_Tests" name="3 validate reset the value to 0 after clicking Reset" time="0.742">
      <system-out><![CDATA[
COMMAND: POST /session/f37904f3-af5a-43d3-96ab-e75c67b1c26f/element - {"using":"xpath","value":"//android.view.View[@content-desc=\"Current Value:\"]/following-sibling::*[1]"}
RESULT: {"using":"xpath","value":"//android.view.View[@content-desc=\"Current Value:\"]/following-sibling::*[1]"}
COMMAND: POST /session/f37904f3-af5a-43d3-96ab-e75c67b1c26f/element - {"using":"accessibility id","value":"Reset"}
RESULT: {"using":"accessibility id","value":"Reset"}
COMMAND: POST /session/f37904f3-af5a-43d3-96ab-e75c67b1c26f/element/00000000-0000-0037-0000-000800000003/click - {}
RESULT: {}
COMMAND: GET /session/f37904f3-af5a-43d3-96ab-e75c67b1c26f/element/00000000-0000-0037-0000-000500000003/attribute/content-desc - {}
RESULT: {}
]]></system-out>
    </testcase>
    <testcase classname="android.emulator-5554.Mobile_App_Validation_Tests" name="4 edge cases to validate the cancel button in date" time="2.432">
      <system-out><![CDATA[
COMMAND: POST /session/f37904f3-af5a-43d3-96ab-e75c67b1c26f/element - {"using":"xpath","value":"//android.view.View[@content-desc=\"Current Value:\"]/following-sibling::*[1]"}
RESULT: {"using":"xpath","value":"//android.view.View[@content-desc=\"Current Value:\"]/following-sibling::*[1]"}
COMMAND: POST /session/f37904f3-af5a-43d3-96ab-e75c67b1c26f/element - {"using":"accessibility id","value":"Pick a Date"}
RESULT: {"using":"accessibility id","value":"Pick a Date"}
COMMAND: POST /session/f37904f3-af5a-43d3-96ab-e75c67b1c26f/element/00000000-0000-0037-0000-000900000003/click - {}
RESULT: {}
COMMAND: POST /session/f37904f3-af5a-43d3-96ab-e75c67b1c26f/element - {"using":"xpath","value":"//android.widget.Button[contains(@content-desc,\"10\")]"}
RESULT: {"using":"xpath","value":"//android.widget.Button[contains(@content-desc,\"10\")]"}
COMMAND: POST /session/f37904f3-af5a-43d3-96ab-e75c67b1c26f/element/00000000-0000-0037-0000-002900000003/click - {}
RESULT: {}
COMMAND: POST /session/f37904f3-af5a-43d3-96ab-e75c67b1c26f/element - {"using":"xpath","value":"//android.widget.Button[@content-desc=\"Cancel\"]"}
RESULT: {"using":"xpath","value":"//android.widget.Button[@content-desc=\"Cancel\"]"}
COMMAND: POST /session/f37904f3-af5a-43d3-96ab-e75c67b1c26f/element/00000000-0000-0037-0000-004100000003/click - {}
RESULT: {}
COMMAND: POST /session/f37904f3-af5a-43d3-96ab-e75c67b1c26f/element - {"using":"xpath","value":"//android.view.View[@content-desc=\"Selected\"]"}
RESULT: {"using":"xpath","value":"//android.view.View[@content-desc=\"Selected\"]"}
COMMAND: POST /session/f37904f3-af5a-43d3-96ab-e75c67b1c26f/element - {"using":"xpath","value":"//android.view.View[@content-desc=\"Selected\"]"}
RESULT: {"using":"xpath","value":"//android.view.View[@content-desc=\"Selected\"]"}
]]></system-out>
    </testcase>
    <testcase classname="android.emulator-5554.Mobile_App_Validation_Tests" name="5 validate allow selecting a date and validate selected elements" time="2.324">
      <system-out><![CDATA[
COMMAND: POST /session/f37904f3-af5a-43d3-96ab-e75c67b1c26f/element - {"using":"xpath","value":"//android.view.View[@content-desc=\"Current Value:\"]/following-sibling::*[1]"}
RESULT: {"using":"xpath","value":"//android.view.View[@content-desc=\"Current Value:\"]/following-sibling::*[1]"}
COMMAND: POST /session/f37904f3-af5a-43d3-96ab-e75c67b1c26f/element - {"using":"accessibility id","value":"Pick a Date"}
RESULT: {"using":"accessibility id","value":"Pick a Date"}
COMMAND: POST /session/f37904f3-af5a-43d3-96ab-e75c67b1c26f/element/00000000-0000-0037-0000-000900000003/click - {}
RESULT: {}
COMMAND: POST /session/f37904f3-af5a-43d3-96ab-e75c67b1c26f/element - {"using":"xpath","value":"//android.widget.Button[contains(@content-desc,\"10\")]"}
RESULT: {"using":"xpath","value":"//android.widget.Button[contains(@content-desc,\"10\")]"}
COMMAND: POST /session/f37904f3-af5a-43d3-96ab-e75c67b1c26f/element/00000000-0000-0037-0000-006000000003/click - {}
RESULT: {}
COMMAND: POST /session/f37904f3-af5a-43d3-96ab-e75c67b1c26f/element - {"using":"xpath","value":"//android.widget.Button[@content-desc=\"OK\"]"}
RESULT: {"using":"xpath","value":"//android.widget.Button[@content-desc=\"OK\"]"}
COMMAND: POST /session/f37904f3-af5a-43d3-96ab-e75c67b1c26f/element/00000000-0000-0037-0000-007900000003/click - {}
RESULT: {}
COMMAND: POST /session/f37904f3-af5a-43d3-96ab-e75c67b1c26f/elements - {"using":"xpath","value":"//android.view.View[@content-desc=\"Selected\"]"}
RESULT: {"using":"xpath","value":"//android.view.View[@content-desc=\"Selected\"]"}
COMMAND: DELETE /session/f37904f3-af5a-43d3-96ab-e75c67b1c26f - {}
RESULT: {}
]]></system-out>
    </testcase>
  </testsuite>
</testsuites>